<?xml version="1.0" encoding="UTF-8"?>
<coverage generated="1585099236648" clover="3.2.0">
  <project timestamp="1585099236648" name="All files">
    <metrics statements="13" coveredstatements="10" conditionals="6" coveredconditionals="3" methods="1" coveredmethods="1" elements="20" coveredelements="14" complexity="0" loc="13" ncloc="13" packages="1" files="1" classes="1"/>
    <file name="array-binary-search.js" path="/mnt/c/users/tamir/codefellows/data-structures-and-algorithms/code-challanges/arrayBinarySearch/array-binary-search.js">
      <metrics statements="13" coveredstatements="10" conditionals="6" coveredconditionals="3" methods="1" coveredmethods="1"/>
      <line num="4" count="2" type="stmt"/>
      <line num="5" count="2" type="stmt"/>
      <line num="6" count="2" type="stmt"/>
      <line num="8" count="2" type="stmt"/>
      <line num="9" count="2" type="stmt"/>
      <line num="10" count="2" type="cond" truecount="2" falsecount="0"/>
      <line num="11" count="1" type="stmt"/>
      <line num="13" count="1" type="cond" truecount="1" falsecount="1"/>
      <line num="14" count="1" type="stmt"/>
      <line num="16" count="0" type="cond" truecount="0" falsecount="2"/>
      <line num="17" count="0" type="stmt"/>
      <line num="20" count="0" type="stmt"/>
      <line num="25" count="1" type="stmt"/>
    </file>
  </project>
</coverage>
