{"/mnt/c/users/tamir/codefellows/data-structures-and-algorithms/code-challanges/arrayBinarySearch/array-binary-search.js": {"path":"/mnt/c/users/tamir/codefellows/data-structures-and-algorithms/code-challanges/arrayBinarySearch/array-binary-search.js","statementMap":{"0":{"start":{"line":4,"column":15},"end":{"line":4,"column":16}},"1":{"start":{"line":5,"column":15},"end":{"line":5,"column":27}},"2":{"start":{"line":6,"column":15},"end":{"line":6,"column":16}},"3":{"start":{"line":8,"column":2},"end":{"line":22,"column":3}},"4":{"start":{"line":9,"column":4},"end":{"line":9,"column":45}},"5":{"start":{"line":10,"column":4},"end":{"line":21,"column":5}},"6":{"start":{"line":11,"column":6},"end":{"line":11,"column":20}},"7":{"start":{"line":13,"column":9},"end":{"line":21,"column":5}},"8":{"start":{"line":14,"column":6},"end":{"line":14,"column":24}},"9":{"start":{"line":16,"column":9},"end":{"line":21,"column":5}},"10":{"start":{"line":17,"column":6},"end":{"line":17,"column":24}},"11":{"start":{"line":20,"column":6},"end":{"line":20,"column":16}},"12":{"start":{"line":25,"column":0},"end":{"line":25,"column":30}}},"fnMap":{"0":{"name":"binarySearch","decl":{"start":{"line":3,"column":9},"end":{"line":3,"column":21}},"loc":{"start":{"line":3,"column":32},"end":{"line":23,"column":1}},"line":3}},"branchMap":{"0":{"loc":{"start":{"line":10,"column":4},"end":{"line":21,"column":5}},"type":"if","locations":[{"start":{"line":10,"column":4},"end":{"line":21,"column":5}},{"start":{"line":10,"column":4},"end":{"line":21,"column":5}}],"line":10},"1":{"loc":{"start":{"line":13,"column":9},"end":{"line":21,"column":5}},"type":"if","locations":[{"start":{"line":13,"column":9},"end":{"line":21,"column":5}},{"start":{"line":13,"column":9},"end":{"line":21,"column":5}}],"line":13},"2":{"loc":{"start":{"line":16,"column":9},"end":{"line":21,"column":5}},"type":"if","locations":[{"start":{"line":16,"column":9},"end":{"line":21,"column":5}},{"start":{"line":16,"column":9},"end":{"line":21,"column":5}}],"line":16}},"s":{"0":2,"1":2,"2":2,"3":2,"4":2,"5":2,"6":1,"7":1,"8":1,"9":0,"10":0,"11":0,"12":1},"f":{"0":2},"b":{"0":[1,1],"1":[1,0],"2":[0,0]},"_coverageSchema":"43e27e138ebf9cfc5966b082cf9a028302ed4184","hash":"4c836e32e6cf70ca2d137c8f4ff6a59d7413a2a4"}
}
