TN:
SF:data-structures/breadthFirst/breadth-first.js
FN:2,(anonymous_0)
FN:10,(anonymous_1)
FN:12,(anonymous_2)
FN:18,(anonymous_3)
FN:28,(anonymous_4)
FNF:5
FNH:5
FNDA:8,(anonymous_0)
FNDA:2,(anonymous_1)
FNDA:8,(anonymous_2)
FNDA:1,(anonymous_3)
FNDA:1,(anonymous_4)
DA:3,8
DA:4,8
DA:5,8
DA:13,8
DA:15,8
DA:16,8
DA:19,1
DA:21,1
DA:22,4
DA:25,1
DA:29,1
DA:31,1
DA:32,1
DA:34,1
DA:35,1
DA:37,0
DA:40,0
DA:46,1
LF:18
LH:16
BRDA:13,0,0,2
BRDA:13,0,1,6
BRDA:25,1,0,1
BRDA:25,1,1,0
BRDA:34,2,0,1
BRDA:34,2,1,0
BRF:6
BRH:4
end_of_record
